<?xml version="1.0" encoding="UTF-8"?>
<testsuite name="SILab2Test" tests="2" skipped="0" failures="0" errors="0" timestamp="2024-05-22T12:45:07" hostname="DESKTOP-8A4B9VN" time="0.022">
  <properties/>
  <testcase name="testCheckCart_AllBranches()" classname="SILab2Test" time="0.019"/>
  <testcase name="testCheckCart_MultipleCondition()" classname="SILab2Test" time="0.001"/>
  <system-out><![CDATA[]]></system-out>
  <system-err><![CDATA[]]></system-err>
</testsuite>
